<?xml version="1.0" encoding="UTF-8"?>
<!-- Generated by org.testng.reporters.JUnitReportReporter -->
<testsuite skipped="0" hostname="LAPTOP-8KMOPPQR" name="chrome.Login" tests="1" failures="0" timestamp="2020-10-24T02:33:27 CEST" time="81.197" errors="0">
  <testcase name="loginintoLeaf" time="81.197" classname="chrome.Login"/>
  <system-out/>
</testsuite> <!-- chrome.Login -->
